0 info it worked if it ends with ok
1 verbose cli [ '/home/kl/.nvm/versions/node/v7.6.0/bin/node',
1 verbose cli   '/home/kl/.nvm/versions/node/v7.6.0/bin/npm',
1 verbose cli   'install',
1 verbose cli   'hexo-deployer-git',
1 verbose cli   '--save' ]
2 info using npm@4.1.2
3 info using node@v7.6.0
4 silly loadCurrentTree Starting
5 silly install loadCurrentTree
6 silly install readLocalPackageData
7 silly fetchPackageMetaData hexo-deployer-git
8 silly fetchNamedPackageData hexo-deployer-git
9 silly mapToRegistry name hexo-deployer-git
10 silly mapToRegistry using default registry
11 silly mapToRegistry registry https://registry.npmjs.org/
12 silly mapToRegistry data Result {
12 silly mapToRegistry   raw: 'hexo-deployer-git',
12 silly mapToRegistry   scope: null,
12 silly mapToRegistry   escapedName: 'hexo-deployer-git',
12 silly mapToRegistry   name: 'hexo-deployer-git',
12 silly mapToRegistry   rawSpec: '',
12 silly mapToRegistry   spec: 'latest',
12 silly mapToRegistry   type: 'tag' }
13 silly mapToRegistry uri https://registry.npmjs.org/hexo-deployer-git
14 verbose request uri https://registry.npmjs.org/hexo-deployer-git
15 verbose request no auth needed
16 info attempt registry request try #1 at 14:18:24
17 verbose request id 84242ef075fcaa80
18 http request GET https://registry.npmjs.org/hexo-deployer-git
19 info retry will retry, error on last attempt: Error: getaddrinfo EAI_AGAIN registry.npmjs.org:443
20 info attempt registry request try #2 at 14:18:34
21 http request GET https://registry.npmjs.org/hexo-deployer-git
22 info retry will retry, error on last attempt: Error: getaddrinfo EAI_AGAIN registry.npmjs.org:443
23 info attempt registry request try #3 at 14:19:34
24 http request GET https://registry.npmjs.org/hexo-deployer-git
25 silly fetchPackageMetaData Error: getaddrinfo EAI_AGAIN registry.npmjs.org:443
25 silly fetchPackageMetaData     at Object.exports._errnoException (util.js:1028:11)
25 silly fetchPackageMetaData     at errnoException (dns.js:33:15)
25 silly fetchPackageMetaData     at GetAddrInfoReqWrap.onlookup [as oncomplete] (dns.js:76:26)
25 silly fetchPackageMetaData  error for hexo-deployer-git { Error: getaddrinfo EAI_AGAIN registry.npmjs.org:443
25 silly fetchPackageMetaData     at Object.exports._errnoException (util.js:1028:11)
25 silly fetchPackageMetaData     at errnoException (dns.js:33:15)
25 silly fetchPackageMetaData     at GetAddrInfoReqWrap.onlookup [as oncomplete] (dns.js:76:26)
25 silly fetchPackageMetaData   code: 'EAI_AGAIN',
25 silly fetchPackageMetaData   errno: 'EAI_AGAIN',
25 silly fetchPackageMetaData   syscall: 'getaddrinfo',
25 silly fetchPackageMetaData   hostname: 'registry.npmjs.org',
25 silly fetchPackageMetaData   host: 'registry.npmjs.org',
25 silly fetchPackageMetaData   port: 443 }
26 silly rollbackFailedOptional Starting
27 silly rollbackFailedOptional Finishing
28 silly runTopLevelLifecycles Finishing
29 silly install printInstalled
30 verbose stack Error: getaddrinfo EAI_AGAIN registry.npmjs.org:443
30 verbose stack     at Object.exports._errnoException (util.js:1028:11)
30 verbose stack     at errnoException (dns.js:33:15)
30 verbose stack     at GetAddrInfoReqWrap.onlookup [as oncomplete] (dns.js:76:26)
31 verbose cwd /home/kl/git/MyNotes
32 error Linux 4.4.0-75-generic
33 error argv "/home/kl/.nvm/versions/node/v7.6.0/bin/node" "/home/kl/.nvm/versions/node/v7.6.0/bin/npm" "install" "hexo-deployer-git" "--save"
34 error node v7.6.0
35 error npm  v4.1.2
36 error code EAI_AGAIN
37 error errno EAI_AGAIN
38 error syscall getaddrinfo
39 error getaddrinfo EAI_AGAIN registry.npmjs.org:443
40 error If you need help, you may report this error at:
40 error     <https://github.com/npm/npm/issues>
41 verbose exit [ 1, true ]
